{"C:\\xampp\\htdocs\\teste-unitario\\funcoes\\calcula.js": {"path":"C:\\xampp\\htdocs\\teste-unitario\\funcoes\\calcula.js","statementMap":{"0":{"start":{"line":2,"column":4},"end":{"line":2,"column":39}},"1":{"start":{"line":7,"column":4},"end":{"line":7,"column":31}},"2":{"start":{"line":8,"column":4},"end":{"line":8,"column":26}},"3":{"start":{"line":11,"column":0},"end":{"line":11,"column":58}}},"fnMap":{"0":{"name":"calculaTotalPicanha","decl":{"start":{"line":1,"column":9},"end":{"line":1,"column":28}},"loc":{"start":{"line":1,"column":43},"end":{"line":3,"column":1}},"line":1},"1":{"name":"calculaMediaPessoa","decl":{"start":{"line":6,"column":9},"end":{"line":6,"column":27}},"loc":{"start":{"line":6,"column":44},"end":{"line":9,"column":1}},"line":6}},"branchMap":{},"s":{"0":1,"1":1,"2":1,"3":1},"f":{"0":1,"1":1},"b":{},"_coverageSchema":"1a1c01bbd47fc00a2c39e90264f33305004495a9","hash":"9ff6229167fdaf1812735ca8f84ac6e70501261e"}
,"C:\\xampp\\htdocs\\teste-unitario\\funcoes\\verificacoes.js": {"path":"C:\\xampp\\htdocs\\teste-unitario\\funcoes\\verificacoes.js","statementMap":{"0":{"start":{"line":2,"column":4},"end":{"line":11,"column":5}},"1":{"start":{"line":3,"column":8},"end":{"line":9,"column":9}},"2":{"start":{"line":4,"column":26},"end":{"line":4,"column":53}},"3":{"start":{"line":5,"column":16},"end":{"line":5,"column":35}},"4":{"start":{"line":6,"column":16},"end":{"line":6,"column":52}},"5":{"start":{"line":7,"column":16},"end":{"line":7,"column":58}},"6":{"start":{"line":8,"column":12},"end":{"line":8,"column":46}},"7":{"start":{"line":10,"column":8},"end":{"line":10,"column":19}},"8":{"start":{"line":15,"column":4},"end":{"line":17,"column":5}},"9":{"start":{"line":16,"column":8},"end":{"line":16,"column":49}},"10":{"start":{"line":18,"column":4},"end":{"line":25,"column":5}},"11":{"start":{"line":19,"column":19},"end":{"line":19,"column":48}},"12":{"start":{"line":20,"column":23},"end":{"line":20,"column":50}},"13":{"start":{"line":21,"column":12},"end":{"line":21,"column":38}},"14":{"start":{"line":22,"column":12},"end":{"line":22,"column":51}},"15":{"start":{"line":23,"column":12},"end":{"line":23,"column":70}},"16":{"start":{"line":24,"column":8},"end":{"line":24,"column":43}},"17":{"start":{"line":26,"column":4},"end":{"line":33,"column":5}},"18":{"start":{"line":27,"column":19},"end":{"line":27,"column":44}},"19":{"start":{"line":28,"column":23},"end":{"line":28,"column":50}},"20":{"start":{"line":29,"column":12},"end":{"line":29,"column":33}},"21":{"start":{"line":30,"column":12},"end":{"line":30,"column":51}},"22":{"start":{"line":31,"column":12},"end":{"line":31,"column":72}},"23":{"start":{"line":32,"column":8},"end":{"line":32,"column":43}},"24":{"start":{"line":36,"column":0},"end":{"line":36,"column":53}}},"fnMap":{"0":{"name":"validaCampos","decl":{"start":{"line":1,"column":9},"end":{"line":1,"column":21}},"loc":{"start":{"line":1,"column":74},"end":{"line":12,"column":1}},"line":1},"1":{"name":"pessoasSatisfeitas","decl":{"start":{"line":14,"column":9},"end":{"line":14,"column":27}},"loc":{"start":{"line":14,"column":58},"end":{"line":34,"column":1}},"line":14}},"branchMap":{"0":{"loc":{"start":{"line":2,"column":4},"end":{"line":11,"column":5}},"type":"if","locations":[{"start":{"line":2,"column":4},"end":{"line":11,"column":5}},{"start":{},"end":{}}],"line":2},"1":{"loc":{"start":{"line":2,"column":8},"end":{"line":2,"column":51}},"type":"binary-expr","locations":[{"start":{"line":2,"column":8},"end":{"line":2,"column":25}},{"start":{"line":2,"column":29},"end":{"line":2,"column":51}}],"line":2},"2":{"loc":{"start":{"line":3,"column":8},"end":{"line":9,"column":9}},"type":"if","locations":[{"start":{"line":3,"column":8},"end":{"line":9,"column":9}},{"start":{},"end":{}}],"line":3},"3":{"loc":{"start":{"line":15,"column":4},"end":{"line":17,"column":5}},"type":"if","locations":[{"start":{"line":15,"column":4},"end":{"line":17,"column":5}},{"start":{},"end":{}}],"line":15},"4":{"loc":{"start":{"line":18,"column":4},"end":{"line":25,"column":5}},"type":"if","locations":[{"start":{"line":18,"column":4},"end":{"line":25,"column":5}},{"start":{},"end":{}}],"line":18},"5":{"loc":{"start":{"line":26,"column":4},"end":{"line":33,"column":5}},"type":"if","locations":[{"start":{"line":26,"column":4},"end":{"line":33,"column":5}},{"start":{},"end":{}}],"line":26}},"s":{"0":3,"1":2,"2":1,"3":1,"4":1,"5":1,"6":1,"7":2,"8":2,"9":1,"10":2,"11":1,"12":1,"13":1,"14":1,"15":1,"16":1,"17":2,"18":1,"19":1,"20":1,"21":1,"22":1,"23":1,"24":1},"f":{"0":3,"1":2},"b":{"0":[2,1],"1":[3,1],"2":[1,1],"3":[1,1],"4":[1,1],"5":[1,1]},"_coverageSchema":"1a1c01bbd47fc00a2c39e90264f33305004495a9","hash":"ede6e1a3b60b647ead7b30f44c7810a5e9065d14"}
}
