TN:
SF:funcoes\calcula.js
FN:1,calculaTotalPicanha
FN:6,calculaMediaPessoa
FNF:2
FNH:2
FNDA:1,calculaTotalPicanha
FNDA:1,calculaMediaPessoa
DA:2,1
DA:7,1
DA:8,1
DA:11,1
LF:4
LH:4
BRF:0
BRH:0
end_of_record
TN:
SF:funcoes\verificacoes.js
FN:1,validaCampos
FN:14,pessoasSatisfeitas
FNF:2
FNH:2
FNDA:3,validaCampos
FNDA:2,pessoasSatisfeitas
DA:2,3
DA:3,2
DA:4,1
DA:5,1
DA:6,1
DA:7,1
DA:8,1
DA:10,2
DA:15,2
DA:16,1
DA:18,2
DA:19,1
DA:20,1
DA:21,1
DA:22,1
DA:23,1
DA:24,1
DA:26,2
DA:27,1
DA:28,1
DA:29,1
DA:30,1
DA:31,1
DA:32,1
DA:36,1
LF:25
LH:25
BRDA:2,0,0,2
BRDA:2,0,1,1
BRDA:2,1,0,3
BRDA:2,1,1,1
BRDA:3,2,0,1
BRDA:3,2,1,1
BRDA:15,3,0,1
BRDA:15,3,1,1
BRDA:18,4,0,1
BRDA:18,4,1,1
BRDA:26,5,0,1
BRDA:26,5,1,1
BRF:12
BRH:12
end_of_record
